<?xml version="1.0" encoding="UTF-8"?>
<!-- Generated by org.testng.reporters.JUnitReportReporter -->
<testsuite hostname="DESKTOP-24BVA2F" name="Ravi.Ttest" tests="1" failures="0" timestamp="18 Sep 2019 08:25:56 GMT" time="5.411" errors="0">
  <testcase name="register" time="5.411" classname="Ravi.Ttest"/>
</testsuite> <!-- Ravi.Ttest -->
