<?xml version="1.0" encoding="UTF-8"?>
<!-- Generated by org.testng.reporters.JUnitReportReporter -->
<testsuite hostname="DESKTOP-24BVA2F" name="TestNGxsdgf.Login" tests="1" failures="0" timestamp="17 Sep 2019 10:09:30 GMT" time="5.187" errors="0">
  <testcase name="register" time="5.187" classname="TestNGxsdgf.Login"/>
</testsuite> <!-- TestNGxsdgf.Login -->
