<?xml version="1.0" encoding="UTF-8"?>
<!-- Generated by org.testng.reporters.JUnitReportReporter -->
<testsuite hostname="DESKTOP-24BVA2F" name="TestNGxsdgf.Dataproviding" tests="2" failures="0" timestamp="17 Sep 2019 10:23:44 GMT" time="0.013" errors="0">
  <testcase name="f" time="0.007" classname="TestNGxsdgf.Dataproviding"/>
  <testcase name="f" time="0.006" classname="TestNGxsdgf.Dataproviding"/>
</testsuite> <!-- TestNGxsdgf.Dataproviding -->
